<?xml version="1.0" encoding="UTF-8"?>
<!-- Generated by org.testng.reporters.JUnitXMLReporter -->
<testsuite ignored="0" hostname="DESKTOP-JGRL8FE" failures="0" tests="4" name="Test" time="21.959" errors="0" timestamp="2023-11-21T16:42:57 IST">
  <testcase classname="seleniumtestngproject.RegistrationTestcases" name="verifyregistrationwithblankdata" time="3.27"/>
  <testcase classname="seleniumtestngproject.RegistrationTestcases" name="verifyregistration" time="1.738"/>
  <testcase classname="seleniumtestngproject.LoginTestcases" name="loginwithinvaliddata" time="3.401"/>
  <testcase classname="seleniumtestngproject.LoginTestcases" name="loginwithvaliddata" time="1.676"/>
</testsuite> <!-- Test -->
