<?xml version="1.0" encoding="UTF-8"?>
<testng-results ignored="0" total="7" passed="7" failed="0" skipped="0">
  <reporter-output>
  </reporter-output>
  <suite started-at="2024-02-11T22:10:55 IST" name="Suite" finished-at="2024-02-11T22:11:57 IST" duration-ms="62522">
    <groups>
    </groups>
    <test started-at="2024-02-11T22:10:55 IST" name="Test" finished-at="2024-02-11T22:11:57 IST" duration-ms="62522">
      <class name="seleniumtestngproject.RegistrationTestcases">
        <test-method is-config="true" signature="ExtentReport()[pri:0, instance:seleniumtestngproject.RegistrationTestcases@4c583ecf]" started-at="2024-02-11T22:10:54 IST" name="ExtentReport" finished-at="2024-02-11T22:10:55 IST" duration-ms="494" status="PASS">
          <reporter-output>
          </reporter-output>
        </test-method> <!-- ExtentReport -->
        <test-method is-config="true" signature="launchbrowser()[pri:0, instance:seleniumtestngproject.RegistrationTestcases@4c583ecf]" started-at="2024-02-11T22:10:55 IST" name="launchbrowser" finished-at="2024-02-11T22:11:02 IST" duration-ms="7052" status="PASS">
          <reporter-output>
          </reporter-output>
        </test-method> <!-- launchbrowser -->
        <test-method signature="verifyregistrationwithblankdata()[pri:1, instance:seleniumtestngproject.RegistrationTestcases@4c583ecf]" started-at="2024-02-11T22:11:02 IST" name="verifyregistrationwithblankdata" finished-at="2024-02-11T22:11:05 IST" duration-ms="3092" status="PASS">
          <reporter-output>
          </reporter-output>
        </test-method> <!-- verifyregistrationwithblankdata -->
        <test-method signature="verifyregistration()[pri:2, instance:seleniumtestngproject.RegistrationTestcases@4c583ecf]" started-at="2024-02-11T22:11:05 IST" name="verifyregistration" finished-at="2024-02-11T22:11:09 IST" duration-ms="4478" status="PASS">
          <reporter-output>
          </reporter-output>
        </test-method> <!-- verifyregistration -->
        <test-method is-config="true" signature="quitbrowser()[pri:0, instance:seleniumtestngproject.RegistrationTestcases@4c583ecf]" started-at="2024-02-11T22:11:09 IST" name="quitbrowser" finished-at="2024-02-11T22:11:10 IST" duration-ms="334" status="PASS">
          <reporter-output>
          </reporter-output>
        </test-method> <!-- quitbrowser -->
        <test-method is-config="true" signature="endReport()[pri:0, instance:seleniumtestngproject.RegistrationTestcases@4c583ecf]" started-at="2024-02-11T22:11:57 IST" name="endReport" finished-at="2024-02-11T22:11:58 IST" duration-ms="776" status="PASS">
          <reporter-output>
          </reporter-output>
        </test-method> <!-- endReport -->
      </class> <!-- seleniumtestngproject.RegistrationTestcases -->
      <class name="seleniumtestngproject.HomepageLinkTestcase">
        <test-method is-config="true" signature="launchbrowser()[pri:0, instance:seleniumtestngproject.HomepageLinkTestcase@5656be13]" started-at="2024-02-11T22:11:28 IST" name="launchbrowser" finished-at="2024-02-11T22:11:34 IST" duration-ms="5447" status="PASS">
          <reporter-output>
          </reporter-output>
        </test-method> <!-- launchbrowser -->
        <test-method signature="VerifyAllLinksonHomepage()[pri:0, instance:seleniumtestngproject.HomepageLinkTestcase@5656be13]" started-at="2024-02-11T22:11:34 IST" name="VerifyAllLinksonHomepage" finished-at="2024-02-11T22:11:57 IST" duration-ms="23030" status="PASS">
          <reporter-output>
          </reporter-output>
        </test-method> <!-- VerifyAllLinksonHomepage -->
        <test-method is-config="true" signature="quitbrowser()[pri:0, instance:seleniumtestngproject.HomepageLinkTestcase@5656be13]" started-at="2024-02-11T22:11:57 IST" name="quitbrowser" finished-at="2024-02-11T22:11:57 IST" duration-ms="387" status="PASS">
          <reporter-output>
          </reporter-output>
        </test-method> <!-- quitbrowser -->
      </class> <!-- seleniumtestngproject.HomepageLinkTestcase -->
      <class name="seleniumtestngproject.CurrencybuttonTestcase">
        <test-method is-config="true" signature="launchbrowser()[pri:0, instance:seleniumtestngproject.CurrencybuttonTestcase@235834f2]" started-at="2024-02-11T22:11:21 IST" name="launchbrowser" finished-at="2024-02-11T22:11:27 IST" duration-ms="6024" status="PASS">
          <reporter-output>
          </reporter-output>
        </test-method> <!-- launchbrowser -->
        <test-method signature="verifyEuroOptionCurrencyDropDownMenu()[pri:0, instance:seleniumtestngproject.CurrencybuttonTestcase@235834f2]" started-at="2024-02-11T22:11:27 IST" name="verifyEuroOptionCurrencyDropDownMenu" finished-at="2024-02-11T22:11:28 IST" duration-ms="209" status="PASS">
          <reporter-output>
          </reporter-output>
        </test-method> <!-- verifyEuroOptionCurrencyDropDownMenu -->
        <test-method signature="verifyPoundSterlingcurrencyDropDownMenu()[pri:0, instance:seleniumtestngproject.CurrencybuttonTestcase@235834f2]" started-at="2024-02-11T22:11:28 IST" name="verifyPoundSterlingcurrencyDropDownMenu" finished-at="2024-02-11T22:11:28 IST" duration-ms="40" status="PASS">
          <reporter-output>
          </reporter-output>
        </test-method> <!-- verifyPoundSterlingcurrencyDropDownMenu -->
        <test-method is-config="true" signature="quitbrowser()[pri:0, instance:seleniumtestngproject.CurrencybuttonTestcase@235834f2]" started-at="2024-02-11T22:11:28 IST" name="quitbrowser" finished-at="2024-02-11T22:11:28 IST" duration-ms="429" status="PASS">
          <reporter-output>
          </reporter-output>
        </test-method> <!-- quitbrowser -->
      </class> <!-- seleniumtestngproject.CurrencybuttonTestcase -->
      <class name="seleniumtestngproject.LoginTestcases">
        <test-method is-config="true" signature="launchbrowser()[pri:0, instance:seleniumtestngproject.LoginTestcases@3270d194]" started-at="2024-02-11T22:11:10 IST" name="launchbrowser" finished-at="2024-02-11T22:11:15 IST" duration-ms="5604" status="PASS">
          <reporter-output>
          </reporter-output>
        </test-method> <!-- launchbrowser -->
        <test-method signature="loginwithinvaliddata()[pri:1, instance:seleniumtestngproject.LoginTestcases@3270d194]" started-at="2024-02-11T22:11:15 IST" name="loginwithinvaliddata" finished-at="2024-02-11T22:11:19 IST" duration-ms="4040" status="PASS">
          <reporter-output>
          </reporter-output>
        </test-method> <!-- loginwithinvaliddata -->
        <test-method signature="loginwithvaliddata()[pri:2, instance:seleniumtestngproject.LoginTestcases@3270d194]" started-at="2024-02-11T22:11:19 IST" name="loginwithvaliddata" finished-at="2024-02-11T22:11:21 IST" duration-ms="1908" status="PASS">
          <reporter-output>
          </reporter-output>
        </test-method> <!-- loginwithvaliddata -->
        <test-method is-config="true" signature="quitbrowser()[pri:0, instance:seleniumtestngproject.LoginTestcases@3270d194]" started-at="2024-02-11T22:11:21 IST" name="quitbrowser" finished-at="2024-02-11T22:11:21 IST" duration-ms="341" status="PASS">
          <reporter-output>
          </reporter-output>
        </test-method> <!-- quitbrowser -->
      </class> <!-- seleniumtestngproject.LoginTestcases -->
    </test> <!-- Test -->
  </suite> <!-- Suite -->
</testng-results>
