<?xml version="1.0" encoding="UTF-8"?>
<testng-results ignored="0" total="4" passed="4" failed="0" skipped="0">
  <reporter-output>
  </reporter-output>
  <suite started-at="2023-11-26T13:03:47 IST" name="Suite" finished-at="2023-11-26T13:04:07 IST" duration-ms="19442">
    <groups>
    </groups>
    <test started-at="2023-11-26T13:03:47 IST" name="Test" finished-at="2023-11-26T13:04:07 IST" duration-ms="19442">
      <class name="seleniumtestngproject.RegistrationTestcases">
        <test-method is-config="true" signature="launchbrowser()[pri:0, instance:seleniumtestngproject.RegistrationTestcases@74f0ea28]" started-at="2023-11-26T13:03:48 IST" name="launchbrowser" finished-at="2023-11-26T13:03:54 IST" duration-ms="6544" status="PASS">
          <reporter-output>
          </reporter-output>
        </test-method> <!-- launchbrowser -->
        <test-method signature="verifyregistrationwithblankdata()[pri:1, instance:seleniumtestngproject.RegistrationTestcases@74f0ea28]" started-at="2023-11-26T13:03:54 IST" name="verifyregistrationwithblankdata" finished-at="2023-11-26T13:03:56 IST" duration-ms="2310" status="PASS">
          <reporter-output>
          </reporter-output>
        </test-method> <!-- verifyregistrationwithblankdata -->
        <test-method signature="verifyregistration()[pri:2, instance:seleniumtestngproject.RegistrationTestcases@74f0ea28]" started-at="2023-11-26T13:03:56 IST" name="verifyregistration" finished-at="2023-11-26T13:03:58 IST" duration-ms="1646" status="PASS">
          <reporter-output>
          </reporter-output>
        </test-method> <!-- verifyregistration -->
      </class> <!-- seleniumtestngproject.RegistrationTestcases -->
      <class name="seleniumtestngproject.LoginTestcases">
        <test-method is-config="true" signature="launchbrowser()[pri:0, instance:seleniumtestngproject.LoginTestcases@55b699ef]" started-at="2023-11-26T13:03:58 IST" name="launchbrowser" finished-at="2023-11-26T13:04:02 IST" duration-ms="3942" status="PASS">
          <reporter-output>
          </reporter-output>
        </test-method> <!-- launchbrowser -->
        <test-method signature="loginwithinvaliddata()[pri:1, instance:seleniumtestngproject.LoginTestcases@55b699ef]" started-at="2023-11-26T13:04:02 IST" name="loginwithinvaliddata" finished-at="2023-11-26T13:04:06 IST" duration-ms="3533" status="PASS">
          <reporter-output>
          </reporter-output>
        </test-method> <!-- loginwithinvaliddata -->
        <test-method signature="loginwithvaliddata()[pri:2, instance:seleniumtestngproject.LoginTestcases@55b699ef]" started-at="2023-11-26T13:04:06 IST" name="loginwithvaliddata" finished-at="2023-11-26T13:04:07 IST" duration-ms="1379" status="PASS">
          <reporter-output>
          </reporter-output>
        </test-method> <!-- loginwithvaliddata -->
      </class> <!-- seleniumtestngproject.LoginTestcases -->
    </test> <!-- Test -->
  </suite> <!-- Suite -->
</testng-results>
